<?xml version="1.0" encoding="UTF-8"?>
<!-- Generated by org.testng.reporters.JUnitXMLReporter -->
<testsuite ignored="0" hostname="DESKTOP-2DK1TSA" failures="0" tests="6" name="Command line test" time="0.102" errors="0" timestamp="2022-01-19T08:20:47 IST">
  <testcase classname="MavenRahul.Mavenjava.APITest" name="api" time="0.007"/>
  <testcase classname="MavenRahul.Mavenjava.APITest" name="apitool" time="0.0"/>
  <testcase classname="MavenRahul.Mavenjava.AppiumTest" name="appium" time="0.001"/>
  <testcase classname="MavenRahul.Mavenjava.AppiumTest" name="port" time="0.002"/>
  <testcase classname="MavenRahul.Mavenjava.SeleniumTest" name="browser" time="0.0"/>
  <testcase classname="MavenRahul.Mavenjava.SeleniumTest" name="sele2" time="0.002"/>
</testsuite> <!-- Command line test -->
