<?xml version="1.0" encoding="UTF-8"?>
<!-- Generated by org.testng.reporters.JUnitXMLReporter -->
<testsuite ignored="0" hostname="DESKTOP-2DK1TSA" failures="0" tests="4" name="Test" time="0.148" errors="0" timestamp="2022-01-19T08:21:39 IST">
  <testcase classname="MavenRahul.Mavenjava.APITest" name="api" time="0.01"/>
  <testcase classname="MavenRahul.Mavenjava.APITest" name="apitool" time="0.0"/>
  <testcase classname="MavenRahul.Mavenjava.SeleniumTest" name="browser" time="0.001"/>
  <testcase classname="MavenRahul.Mavenjava.SeleniumTest" name="sele2" time="0.0"/>
</testsuite> <!-- Test -->
